<?xml version="1.0" encoding="UTF-8"?>
<!-- Generated by org.testng.reporters.JUnitReportReporter -->
<testsuite hostname="TYSS-Chandana" failures="0" tests="3" name="helperAttribute.LearningInvocationCount" time="22.259" errors="0" timestamp="2024-07-02T14:28:04 IST" skipped="0">
  <testcase classname="helperAttribute.LearningInvocationCount" name="launch" time="9.260"/>
  <system-out/>
  <testcase classname="helperAttribute.LearningInvocationCount" name="launch" time="5.337"/>
  <system-out/>
  <testcase classname="helperAttribute.LearningInvocationCount" name="launch" time="7.662"/>
  <system-out/>
</testsuite> <!-- helperAttribute.LearningInvocationCount -->
