<?xml version="1.0" encoding="UTF-8"?>
<!-- Generated by org.testng.reporters.JUnitReportReporter -->
<testsuite hostname="TYSS-Chandana" failures="0" tests="3" name="testNgTopic.MultipleDataUsingDataProvider" time="67.528" errors="0" timestamp="2024-07-10T14:28:16 IST" skipped="0">
  <testcase classname="testNgTopic.MultipleDataUsingDataProvider" name="details" time="11.402"/>
  <system-out/>
  <testcase classname="testNgTopic.MultipleDataUsingDataProvider" name="details" time="43.545"/>
  <system-out/>
  <testcase classname="testNgTopic.MultipleDataUsingDataProvider" name="details" time="12.581"/>
  <system-out/>
</testsuite> <!-- testNgTopic.MultipleDataUsingDataProvider -->
