<?xml version="1.0" encoding="UTF-8"?>
<!-- Generated by org.testng.reporters.JUnitReportReporter -->
<testsuite hostname="TYSS-Chandana" failures="0" tests="2" name="testNgTopic.DataProviderProgram" time="0.013" errors="0" timestamp="2024-07-09T15:37:25 IST" skipped="0">
  <testcase classname="testNgTopic.DataProviderProgram" name="details" time="0.011"/>
  <system-out>
raghav A+ raghav@gmail.com  </system-out>
  <testcase classname="testNgTopic.DataProviderProgram" name="details" time="0.002"/>
  <system-out>
lavanya O+ lavanya@gmail.com  </system-out>
</testsuite> <!-- testNgTopic.DataProviderProgram -->
