<?xml version="1.0" encoding="UTF-8"?>
<!-- Generated by org.testng.reporters.JUnitReportReporter -->
<testsuite hostname="TYSS-Chandana" failures="0" tests="1" name="code.Script5" time="9.183" errors="0" timestamp="2024-07-09T09:27:56 IST" skipped="0">
  <testcase classname="code.Script5" name="launch2" time="9.183"/>
  <system-out/>
</testsuite> <!-- code.Script5 -->
