<?xml version="1.0" encoding="UTF-8"?>
<!-- Generated by org.testng.reporters.JUnitReportReporter -->
<testsuite hostname="TYSS-Chandana" failures="0" tests="2" name="helperAttribute.LearningThreadPoolSize" time="20.931" errors="0" timestamp="2024-07-02T15:04:33 IST" skipped="0">
  <testcase classname="helperAttribute.LearningThreadPoolSize" name="launch" time="10.619"/>
  <system-out/>
  <testcase classname="helperAttribute.LearningThreadPoolSize" name="launch" time="10.312"/>
  <system-out/>
</testsuite> <!-- helperAttribute.LearningThreadPoolSize -->
