<?xml version="1.0" encoding="UTF-8"?>
<!-- Generated by org.testng.reporters.JUnitReportReporter -->
<testsuite hostname="TYSS-Chandana" failures="0" tests="1" name="code.Demo" time="9.505" errors="0" timestamp="2024-07-03T19:31:02 IST" skipped="0">
  <testcase classname="code.Demo" name="launch" time="9.505"/>
  <system-out/>
</testsuite> <!-- code.Demo -->
