<?xml version="1.0" encoding="UTF-8"?>
<!-- Generated by org.testng.reporters.JUnitReportReporter -->
<testsuite hostname="TYSS-Chandana" failures="0" tests="1" name="scripts_Vtiger.Script4_Test" time="13.406" errors="0" timestamp="2024-07-15T14:41:32 IST" skipped="0">
  <testcase classname="scripts_Vtiger.Script4_Test" name="script4" time="13.406"/>
  <system-out>
Test Script Excution Stared Test Script Passed  </system-out>
</testsuite> <!-- scripts_Vtiger.Script4_Test -->
