<?xml version="1.0" encoding="UTF-8"?>
<!-- Generated by org.testng.reporters.JUnitReportReporter -->
<testsuite hostname="TYSS-Chandana" failures="0" tests="1" name="scripts_Vtiger.Script2" time="18.522" errors="0" timestamp="2024-07-10T11:42:33 IST" skipped="0">
  <testcase classname="scripts_Vtiger.Script2" name="script2" time="18.522"/>
  <system-out>
Healthcare  </system-out>
</testsuite> <!-- scripts_Vtiger.Script2 -->
