<?xml version="1.0" encoding="UTF-8"?>
<!-- Generated by org.testng.reporters.JUnitReportReporter -->
<testsuite hostname="TYSS-Chandana" failures="0" tests="1" name="testNgTopic.LearningCrossBrowserTesting" time="3.996" errors="0" timestamp="2024-07-08T15:26:49 IST" skipped="0">
  <testcase classname="testNgTopic.LearningCrossBrowserTesting" name="launch" time="3.996"/>
  <system-out/>
</testsuite> <!-- testNgTopic.LearningCrossBrowserTesting -->
