<?xml version="1.0" encoding="UTF-8"?>
<!-- Generated by org.testng.reporters.JUnitReportReporter -->
<testsuite hostname="TYSS-Chandana" failures="0" tests="1" name="scripts_Vtiger.Script5" time="13.106" errors="0" timestamp="2024-07-09T15:00:01 IST" skipped="0">
  <testcase classname="scripts_Vtiger.Script5" name="script5" time="13.106"/>
  <system-out/>
</testsuite> <!-- scripts_Vtiger.Script5 -->
