<?xml version="1.0" encoding="UTF-8"?>
<!-- Generated by org.testng.reporters.JUnitReportReporter -->
<testsuite hostname="TYSS-Chandana" failures="0" tests="1" name="testNgTopic.Script1" time="0.013" errors="0" timestamp="2024-07-01T14:49:48 IST" skipped="0">
  <testcase classname="testNgTopic.Script1" name="launch" time="0.013"/>
  <system-out>
testNG  </system-out>
</testsuite> <!-- testNgTopic.Script1 -->
